# Performance Baseline Report

**Generated:** 2025-07-13T16:36:25.777Z

## Executive Summary

This report provides baseline performance measurements for the **Orders**, **Customers**, and **Products** dashboards. The measurements include API response times, payload sizes, database query performance, and component render times.

### Key Metrics
- **Total Dashboards Tested:** 3
- **Total API Calls:** 9
- **Total Response Time:** 1488ms
- **Total Payload Size:** 1.15 MB
- **Total Rows Returned:** 623
- **Total Render Time:** 497ms
- **Average Dashboard Load Time:** 498ms

## Dashboard Performance Details


### ORDERS Dashboard

**Dashboard Load Time:** 519ms
**Total Response Time:** 516ms
**Total Payload Size:** 394 KB
**Total Rows:** 150
**Total Render Time:** 173ms

#### API Calls
| Endpoint | Response Time | Payload Size | Rows | Render Time | Network Transfer |
|----------|---------------|--------------|------|-------------|-----------------|
| fetch_orders | 133ms | 260KB | 100 | 68ms | 299KB |
| fetch_profiles | 239ms | 131KB | 50 | 34ms | 151KB |
| orders_realtime | 144ms | 3KB | 0 | 71ms | 3KB |

#### Database Queries

**Query:** `SELECT * FROM orders ORDER BY created_at DESC LIMIT 100`
- **Execution Time:** 45.2ms
- **Rows Examined:** 1500
- **Rows Returned:** 100
- **Explain Plan:** Seq Scan on orders (cost=0.00..25.88 rows=100 width=284)


**Query:** `SELECT id, name, email FROM profiles WHERE id IN (...)`
- **Execution Time:** 23.1ms
- **Rows Examined:** 50
- **Rows Returned:** 50
- **Explain Plan:** Index Scan using profiles_pkey on profiles (cost=0.15..12.45 rows=50 width=96)



### CUSTOMERS Dashboard

**Dashboard Load Time:** 620ms
**Total Response Time:** 619ms
**Total Payload Size:** 552 KB
**Total Rows:** 300
**Total Render Time:** 110ms

#### API Calls
| Endpoint | Response Time | Payload Size | Rows | Render Time | Network Transfer |
|----------|---------------|--------------|------|-------------|-----------------|
| get_customers_with_total_spent | 234ms | 137KB | 75 | 30ms | 158KB |
| get_guest_families | 225ms | 54KB | 25 | 57ms | 62KB |
| customer_orders | 160ms | 361KB | 200 | 23ms | 415KB |

#### Database Queries

**Query:** `SELECT * FROM get_customers_with_total_spent()`
- **Execution Time:** 78.3ms
- **Rows Examined:** 2000
- **Rows Returned:** 75
- **Explain Plan:** Function Scan on get_customers_with_total_spent (cost=0.25..100.25 rows=75 width=128)


**Query:** `SELECT stay_id, total_amount FROM orders WHERE guest_user_id IS NOT NULL`
- **Execution Time:** 34.5ms
- **Rows Examined:** 800
- **Rows Returned:** 200
- **Explain Plan:** Index Scan using orders_guest_user_id_idx on orders (cost=0.29..45.67 rows=200 width=48)



### PRODUCTS Dashboard

**Dashboard Load Time:** 354ms
**Total Response Time:** 353ms
**Total Payload Size:** 231 KB
**Total Rows:** 173
**Total Render Time:** 214ms

#### API Calls
| Endpoint | Response Time | Payload Size | Rows | Render Time | Network Transfer |
|----------|---------------|--------------|------|-------------|-----------------|
| fetch_products | 146ms | 64KB | 45 | 56ms | 74KB |
| fetch_categories | 155ms | 14KB | 8 | 114ms | 16KB |
| product_options | 52ms | 153KB | 120 | 44ms | 176KB |

#### Database Queries

**Query:** `SELECT * FROM products ORDER BY sort_order ASC`
- **Execution Time:** 12.7ms
- **Rows Examined:** 45
- **Rows Returned:** 45
- **Explain Plan:** Index Scan using products_sort_order_idx on products (cost=0.15..15.45 rows=45 width=156)


**Query:** `SELECT * FROM categories ORDER BY sort_order ASC`
- **Execution Time:** 8.2ms
- **Rows Examined:** 8
- **Rows Returned:** 8
- **Explain Plan:** Index Scan using categories_sort_order_idx on categories (cost=0.12..2.58 rows=8 width=84)



## Recommendations

Based on the baseline measurements, consider the following optimizations:

1. **Database Query Optimization**
   - Review queries with high execution times
   - Consider adding indexes for frequently queried columns
   - Optimize queries that examine many rows but return few

2. **Payload Size Optimization**
   - Implement pagination for large datasets
   - Use field selection to return only necessary data
   - Consider data compression for large payloads

3. **Component Rendering Performance**
   - Implement React.memo for expensive components
   - Use virtual scrolling for large lists
   - Optimize re-rendering patterns

4. **Network Transfer Optimization**
   - Implement caching strategies
   - Use HTTP/2 for better multiplexing
   - Consider CDN for static assets

## Next Steps

1. **Monitor Trends:** Re-run this benchmark after optimizations to measure improvements
2. **Set Performance Budgets:** Use these baselines to establish performance targets
3. **Implement Monitoring:** Set up real-time performance monitoring in production
4. **Optimize Critical Paths:** Focus on the slowest API calls and largest payloads first

---
*This report was generated by the Performance Benchmark Script*
