{
  "timestamp": "2025-07-13T16:36:25.777Z",
  "dashboards": {
    "orders": {
      "api_calls": [
        {
          "endpoint": "fetch_orders",
          "response_time": 133,
          "payload_size_kb": 260,
          "rows_returned": 100,
          "component_render_time": 68,
          "network_transfer_kb": 299,
          "database_query_time": 45
        },
        {
          "endpoint": "fetch_profiles",
          "response_time": 239,
          "payload_size_kb": 131,
          "rows_returned": 50,
          "component_render_time": 34,
          "network_transfer_kb": 151,
          "database_query_time": 74
        },
        {
          "endpoint": "orders_realtime",
          "response_time": 144,
          "payload_size_kb": 3,
          "rows_returned": 0,
          "component_render_time": 71,
          "network_transfer_kb": 3,
          "database_query_time": 32
        }
      ],
      "database_queries": [
        {
          "query": "SELECT * FROM orders ORDER BY created_at DESC LIMIT 100",
          "explain": "Seq Scan on orders (cost=0.00..25.88 rows=100 width=284)",
          "execution_time": 45.2,
          "rows_examined": 1500,
          "rows_returned": 100
        },
        {
          "query": "SELECT id, name, email FROM profiles WHERE id IN (...)",
          "explain": "Index Scan using profiles_pkey on profiles (cost=0.15..12.45 rows=50 width=96)",
          "execution_time": 23.1,
          "rows_examined": 50,
          "rows_returned": 50
        }
      ],
      "totals": {
        "response_time": 516,
        "payload_size_kb": 394,
        "rows_returned": 150,
        "component_render_time": 173,
        "network_transfer_kb": 453,
        "dashboard_load_time": 519
      }
    },
    "customers": {
      "api_calls": [
        {
          "endpoint": "get_customers_with_total_spent",
          "response_time": 234,
          "payload_size_kb": 137,
          "rows_returned": 75,
          "component_render_time": 30,
          "network_transfer_kb": 158,
          "database_query_time": 48
        },
        {
          "endpoint": "get_guest_families",
          "response_time": 225,
          "payload_size_kb": 54,
          "rows_returned": 25,
          "component_render_time": 57,
          "network_transfer_kb": 62,
          "database_query_time": 28
        },
        {
          "endpoint": "customer_orders",
          "response_time": 160,
          "payload_size_kb": 361,
          "rows_returned": 200,
          "component_render_time": 23,
          "network_transfer_kb": 415,
          "database_query_time": 44
        }
      ],
      "database_queries": [
        {
          "query": "SELECT * FROM get_customers_with_total_spent()",
          "explain": "Function Scan on get_customers_with_total_spent (cost=0.25..100.25 rows=75 width=128)",
          "execution_time": 78.3,
          "rows_examined": 2000,
          "rows_returned": 75
        },
        {
          "query": "SELECT stay_id, total_amount FROM orders WHERE guest_user_id IS NOT NULL",
          "explain": "Index Scan using orders_guest_user_id_idx on orders (cost=0.29..45.67 rows=200 width=48)",
          "execution_time": 34.5,
          "rows_examined": 800,
          "rows_returned": 200
        }
      ],
      "totals": {
        "response_time": 619,
        "payload_size_kb": 552,
        "rows_returned": 300,
        "component_render_time": 110,
        "network_transfer_kb": 635,
        "dashboard_load_time": 620
      }
    },
    "products": {
      "api_calls": [
        {
          "endpoint": "fetch_products",
          "response_time": 146,
          "payload_size_kb": 64,
          "rows_returned": 45,
          "component_render_time": 56,
          "network_transfer_kb": 74,
          "database_query_time": 67
        },
        {
          "endpoint": "fetch_categories",
          "response_time": 155,
          "payload_size_kb": 14,
          "rows_returned": 8,
          "component_render_time": 114,
          "network_transfer_kb": 16,
          "database_query_time": 65
        },
        {
          "endpoint": "product_options",
          "response_time": 52,
          "payload_size_kb": 153,
          "rows_returned": 120,
          "component_render_time": 44,
          "network_transfer_kb": 176,
          "database_query_time": 27
        }
      ],
      "database_queries": [
        {
          "query": "SELECT * FROM products ORDER BY sort_order ASC",
          "explain": "Index Scan using products_sort_order_idx on products (cost=0.15..15.45 rows=45 width=156)",
          "execution_time": 12.7,
          "rows_examined": 45,
          "rows_returned": 45
        },
        {
          "query": "SELECT * FROM categories ORDER BY sort_order ASC",
          "explain": "Index Scan using categories_sort_order_idx on categories (cost=0.12..2.58 rows=8 width=84)",
          "execution_time": 8.2,
          "rows_examined": 8,
          "rows_returned": 8
        }
      ],
      "totals": {
        "response_time": 353,
        "payload_size_kb": 231,
        "rows_returned": 173,
        "component_render_time": 214,
        "network_transfer_kb": 266,
        "dashboard_load_time": 354
      }
    }
  },
  "summary": {
    "total_dashboards": 3,
    "total_api_calls": 9,
    "total_response_time": 1488,
    "total_payload_size_kb": 1177,
    "total_rows": 623,
    "total_render_time": 497,
    "total_network_transfer_kb": 1354,
    "avg_dashboard_load_time": 498
  }
}